<?xml version="1.0" encoding="UTF-8"?>
<testsuite name="nl.bluetrails.swiftresponder.SwiftAnalysis" tests="1" skipped="0" failures="0" errors="0" timestamp="2025-03-11T22:20:28" hostname="Cedrics-MacBook-Air.local" time="0.326">
  <properties/>
  <testcase name="[Concordion Specification for 'SwiftAnalysis']" classname="nl.bluetrails.swiftresponder.SwiftAnalysisFixture" time="0.326"/>
  <system-out><![CDATA[bl
bl
bl

file:///var/folders/6z/54qc6y6j3bsgvrzlzck_q4rc0000gn/T/concordion/nl/bluetrails/swiftresponder/mt540.html
Successes: 142, Failures: 0
bl
bl
bl

file:///var/folders/6z/54qc6y6j3bsgvrzlzck_q4rc0000gn/T/concordion/nl/bluetrails/swiftresponder/mt541.html
Successes: 147, Failures: 0
bl
bl
bl

file:///var/folders/6z/54qc6y6j3bsgvrzlzck_q4rc0000gn/T/concordion/nl/bluetrails/swiftresponder/mt542.html
Successes: 142, Failures: 0
bl
bl
bl

file:///var/folders/6z/54qc6y6j3bsgvrzlzck_q4rc0000gn/T/concordion/nl/bluetrails/swiftresponder/mt543.html
Successes: 148, Failures: 0

file:///var/folders/6z/54qc6y6j3bsgvrzlzck_q4rc0000gn/T/concordion/nl/bluetrails/swiftresponder/SwiftAnalysis.html
Successes: 579, Failures: 0
]]></system-out>
  <system-err><![CDATA[]]></system-err>
</testsuite>
